[25-Sep-2018 15:09:25 America/Sao_Paulo] PHP Fatal error:  Uncaught system\exception\FileNotFound: O arquivo `C:\terminal\live\server\applications\default` não foi encontrado. in C:\terminal\live\server\system\util\Path.php:15
Stack trace:
#0 C:\terminal\live\server\system\Runtime.php(15): system\util\Path::resolve('C:\\terminal\\liv...', 'default')
#1 C:\terminal\live\server\system\Ambue.php(13): system\Runtime->__construct()
#2 C:\terminal\live\server\main.php(33): require('C:\\terminal\\liv...')
#3 {main}
  thrown in C:\terminal\live\server\system\util\Path.php on line 15
[25-Sep-2018 15:24:02 America/Sao_Paulo] PHP Fatal error:  Uncaught system\exception\FileNotFound: O arquivo `C:\terminal\live\server\applications\evento` não foi encontrado. in C:\terminal\live\server\system\util\Path.php:15
Stack trace:
#0 C:\terminal\live\server\system\Runtime.php(15): system\util\Path::resolve('C:\\terminal\\liv...', 'evento')
#1 C:\terminal\live\server\system\Ambue.php(13): system\Runtime->__construct()
#2 C:\terminal\live\server\main.php(33): require('C:\\terminal\\liv...')
#3 {main}
  thrown in C:\terminal\live\server\system\util\Path.php on line 15
[25-Sep-2018 19:47:08 America/Sao_Paulo] PHP Parse error:  syntax error, unexpected ')', expecting identifier (T_STRING) or variable (T_VARIABLE) or '{' or '$' in C:\terminal\live\server\applications\example\helpers\Input.php on line 19
[25-Sep-2018 19:48:20 America/Sao_Paulo] PHP Fatal error:  Uncaught TypeError: Argument 1 passed to helper\Input::__construct() must be of the type array, object given, called in C:\terminal\live\server\applications\example\teste.php on line 8 and defined in C:\terminal\live\server\applications\example\helpers\Input.php:10
Stack trace:
#0 C:\terminal\live\server\applications\example\teste.php(8): helper\Input->__construct(Object(system\Request))
#1 C:\terminal\live\server\system\Navigator.php(24): Closure->{closure}()
#2 C:\terminal\live\server\applications\example\routes.php(3): system\Navigator->regex('{^POST/nome/(?<...', Object(Closure))
#3 C:\terminal\live\server\system\Navigator.php(14): system\Navigator->{closure}()
#4 C:\terminal\live\server\system\Ambue.php(14): system\Navigator->__construct()
#5 C:\terminal\live\server\main.php(33): require('C:\\terminal\\liv...')
#6 {main}
  thrown in C:\terminal\live\server\applications\example\helpers\Input.php on line 10
[25-Sep-2018 19:57:04 America/Sao_Paulo] PHP Notice:  Undefined variable: name in C:\terminal\live\server\applications\example\helpers\Input.php on line 34
[25-Sep-2018 19:57:04 America/Sao_Paulo] PHP Notice:  Undefined variable: name in C:\terminal\live\server\applications\example\helpers\Input.php on line 37
[25-Sep-2018 19:57:04 America/Sao_Paulo] PHP Fatal error:  Uncaught system\exception\AttributeNotExists: O atributo `` não existe na classe `helper\Input`. in C:\terminal\live\server\applications\example\helpers\Input.php:37
Stack trace:
#0 C:\terminal\live\server\applications\example\teste.php(12): helper\Input->__get('array')
#1 C:\terminal\live\server\system\Navigator.php(24): Closure->{closure}()
#2 C:\terminal\live\server\applications\example\routes.php(3): system\Navigator->regex('{^POST/nome/(?<...', Object(Closure))
#3 C:\terminal\live\server\system\Navigator.php(14): system\Navigator->{closure}()
#4 C:\terminal\live\server\system\Ambue.php(14): system\Navigator->__construct()
#5 C:\terminal\live\server\main.php(33): require('C:\\terminal\\liv...')
#6 {main}
  thrown in C:\terminal\live\server\applications\example\helpers\Input.php on line 37
[25-Sep-2018 20:02:41 America/Sao_Paulo] PHP Parse error:  syntax error, unexpected '}', expecting ';' in C:\terminal\live\server\applications\example\helpers\Input.php on line 30
[25-Sep-2018 20:04:43 America/Sao_Paulo] PHP Fatal error:  Uncaught Exception: Class file not found! Class Name: helper\Exception, File: C:\terminal\live\server\helper\Exception.php in C:\terminal\live\server\system\php\autoload\default.php:18
Stack trace:
#0 [internal function]: {closure}('helper\\Exceptio...')
#1 C:\terminal\live\server\applications\example\helpers\Input.php(41): spl_autoload_call('helper\\Exceptio...')
#2 C:\terminal\live\server\applications\example\helpers\Input.php(48): helper\Input->getAsArray()
#3 C:\terminal\live\server\applications\example\teste.php(13): helper\Input->__get('array')
#4 C:\terminal\live\server\system\Navigator.php(24): Closure->{closure}()
#5 C:\terminal\live\server\applications\example\routes.php(3): system\Navigator->regex('{^POST/nome/(?<...', Object(Closure))
#6 C:\terminal\live\server\system\Navigator.php(14): system\Navigator->{closure}()
#7 C:\terminal\live\server\system\Ambue.php(14): system\Navigator->__construct()
#8 C:\terminal\live\server\main.php(33): require('C:\\terminal\\liv...')
#9 {main}
  thrown in C:\terminal\live\server\system\php\autoload\default.php on line 18
[25-Sep-2018 20:05:03 America/Sao_Paulo] PHP Fatal error:  Uncaught Exception in C:\terminal\live\server\applications\example\helpers\Input.php:41
Stack trace:
#0 C:\terminal\live\server\applications\example\helpers\Input.php(48): helper\Input->getAsArray()
#1 C:\terminal\live\server\applications\example\teste.php(13): helper\Input->__get('array')
#2 C:\terminal\live\server\system\Navigator.php(24): Closure->{closure}()
#3 C:\terminal\live\server\applications\example\routes.php(3): system\Navigator->regex('{^POST/nome/(?<...', Object(Closure))
#4 C:\terminal\live\server\system\Navigator.php(14): system\Navigator->{closure}()
#5 C:\terminal\live\server\system\Ambue.php(14): system\Navigator->__construct()
#6 C:\terminal\live\server\main.php(33): require('C:\\terminal\\liv...')
#7 {main}
  thrown in C:\terminal\live\server\applications\example\helpers\Input.php on line 41
[25-Sep-2018 20:14:16 America/Sao_Paulo] PHP Fatal error:  Uncaught Exception in C:\terminal\live\server\applications\example\helpers\Input.php:41
Stack trace:
#0 C:\terminal\live\server\applications\example\helpers\Input.php(48): helper\Input->getAsArray()
#1 C:\terminal\live\server\applications\example\teste.php(13): helper\Input->__get('array')
#2 C:\terminal\live\server\system\Navigator.php(24): Closure->{closure}()
#3 C:\terminal\live\server\applications\example\routes.php(3): system\Navigator->regex('{^POST/nome/(?<...', Object(Closure))
#4 C:\terminal\live\server\system\Navigator.php(14): system\Navigator->{closure}()
#5 C:\terminal\live\server\system\Ambue.php(14): system\Navigator->__construct()
#6 C:\terminal\live\server\main.php(33): require('C:\\terminal\\liv...')
#7 {main}
  thrown in C:\terminal\live\server\applications\example\helpers\Input.php on line 41
[25-Sep-2018 20:15:45 America/Sao_Paulo] PHP Fatal error:  Uncaught Exception in C:\terminal\live\server\applications\example\helpers\Input.php:41
Stack trace:
#0 C:\terminal\live\server\applications\example\helpers\Input.php(48): helper\Input->getAsArray()
#1 C:\terminal\live\server\applications\example\teste.php(13): helper\Input->__get('array')
#2 C:\terminal\live\server\system\Navigator.php(25): Closure->{closure}()
#3 C:\terminal\live\server\applications\example\routes.php(3): system\Navigator->regex('{^POST/nome/(?<...', Object(Closure))
#4 C:\terminal\live\server\system\Navigator.php(14): system\Navigator->{closure}()
#5 C:\terminal\live\server\system\Ambue.php(14): system\Navigator->__construct()
#6 C:\terminal\live\server\main.php(33): require('C:\\terminal\\liv...')
#7 {main}
  thrown in C:\terminal\live\server\applications\example\helpers\Input.php on line 41
[25-Sep-2018 20:16:00 America/Sao_Paulo] PHP Fatal error:  Uncaught Exception in C:\terminal\live\server\applications\example\helpers\Input.php:41
Stack trace:
#0 C:\terminal\live\server\applications\example\helpers\Input.php(48): helper\Input->getAsArray()
#1 C:\terminal\live\server\applications\example\teste.php(13): helper\Input->__get('array')
#2 C:\terminal\live\server\system\Navigator.php(25): Closure->{closure}()
#3 C:\terminal\live\server\applications\example\routes.php(3): system\Navigator->regex('{^POST/nome/(?<...', Object(Closure))
#4 C:\terminal\live\server\system\Navigator.php(14): system\Navigator->{closure}()
#5 C:\terminal\live\server\system\Ambue.php(14): system\Navigator->__construct()
#6 C:\terminal\live\server\main.php(33): require('C:\\terminal\\liv...')
#7 {main}
  thrown in C:\terminal\live\server\applications\example\helpers\Input.php on line 41
[25-Sep-2018 20:16:19 America/Sao_Paulo] PHP Fatal error:  Uncaught Exception in C:\terminal\live\server\applications\example\helpers\Input.php:41
Stack trace:
#0 C:\terminal\live\server\applications\example\helpers\Input.php(48): helper\Input->getAsArray()
#1 C:\terminal\live\server\applications\example\teste.php(13): helper\Input->__get('array')
#2 C:\terminal\live\server\system\Navigator.php(25): Closure->{closure}()
#3 C:\terminal\live\server\applications\example\routes.php(3): system\Navigator->regex('{^POST/nome/(?<...', Object(Closure))
#4 C:\terminal\live\server\system\Navigator.php(14): system\Navigator->{closure}()
#5 C:\terminal\live\server\system\Ambue.php(14): system\Navigator->__construct()
#6 C:\terminal\live\server\main.php(33): require('C:\\terminal\\liv...')
#7 {main}
  thrown in C:\terminal\live\server\applications\example\helpers\Input.php on line 41
[25-Sep-2018 20:16:49 America/Sao_Paulo] PHP Fatal error:  Uncaught Exception: deu ruim in C:\terminal\live\server\applications\example\teste.php:13
Stack trace:
#0 C:\terminal\live\server\system\Navigator.php(25): Closure->{closure}()
#1 C:\terminal\live\server\applications\example\routes.php(3): system\Navigator->regex('{^POST/nome/(?<...', Object(Closure))
#2 C:\terminal\live\server\system\Navigator.php(14): system\Navigator->{closure}()
#3 C:\terminal\live\server\system\Ambue.php(14): system\Navigator->__construct()
#4 C:\terminal\live\server\main.php(33): require('C:\\terminal\\liv...')
#5 {main}
  thrown in C:\terminal\live\server\applications\example\teste.php on line 13
[25-Sep-2018 20:17:26 America/Sao_Paulo] PHP Fatal error:  Uncaught Exception: deu ruim in C:\terminal\live\server\applications\example\teste.php:13
Stack trace:
#0 C:\terminal\live\server\system\Navigator.php(28): Closure->{closure}()
#1 C:\terminal\live\server\applications\example\routes.php(3): system\Navigator->regex('{^POST/nome/(?<...', Object(Closure))
#2 C:\terminal\live\server\system\Navigator.php(14): system\Navigator->{closure}()
#3 C:\terminal\live\server\system\Ambue.php(14): system\Navigator->__construct()
#4 C:\terminal\live\server\main.php(33): require('C:\\terminal\\liv...')
#5 {main}
  thrown in C:\terminal\live\server\applications\example\teste.php on line 13
[25-Sep-2018 20:17:42 America/Sao_Paulo] PHP Fatal error:  Uncaught Exception: deu ruim in C:\terminal\live\server\applications\example\teste.php:13
Stack trace:
#0 C:\terminal\live\server\system\Navigator.php(28): Closure->{closure}()
#1 C:\terminal\live\server\applications\example\routes.php(3): system\Navigator->regex('{^POST/nome/(?<...', Object(Closure))
#2 C:\terminal\live\server\system\Navigator.php(14): system\Navigator->{closure}()
#3 C:\terminal\live\server\system\Ambue.php(14): system\Navigator->__construct()
#4 C:\terminal\live\server\main.php(33): require('C:\\terminal\\liv...')
#5 {main}
  thrown in C:\terminal\live\server\applications\example\teste.php on line 13
[25-Sep-2018 20:18:03 America/Sao_Paulo] PHP Fatal error:  Uncaught Exception: deu ruim in C:\terminal\live\server\applications\example\teste.php:13
Stack trace:
#0 C:\terminal\live\server\system\Navigator.php(28): Closure->{closure}()
#1 C:\terminal\live\server\applications\example\routes.php(3): system\Navigator->regex('{^POST/nome/(?<...', Object(Closure))
#2 C:\terminal\live\server\system\Navigator.php(14): system\Navigator->{closure}()
#3 C:\terminal\live\server\system\Ambue.php(14): system\Navigator->__construct()
#4 C:\terminal\live\server\main.php(33): require('C:\\terminal\\liv...')
#5 {main}
  thrown in C:\terminal\live\server\applications\example\teste.php on line 13
[25-Sep-2018 20:18:36 America/Sao_Paulo] PHP Fatal error:  Uncaught Exception: deu ruim in C:\terminal\live\server\applications\example\teste.php:13
Stack trace:
#0 C:\terminal\live\server\system\Navigator.php(25): Closure->{closure}()
#1 C:\terminal\live\server\applications\example\routes.php(3): system\Navigator->regex('{^POST/nome/(?<...', Object(Closure))
#2 C:\terminal\live\server\system\Navigator.php(14): system\Navigator->{closure}()
#3 C:\terminal\live\server\system\Ambue.php(14): system\Navigator->__construct()
#4 C:\terminal\live\server\main.php(33): require('C:\\terminal\\liv...')
#5 {main}
  thrown in C:\terminal\live\server\applications\example\teste.php on line 13
[25-Sep-2018 20:18:51 America/Sao_Paulo] PHP Fatal error:  Uncaught Exception: deu ruim in C:\terminal\live\server\applications\example\teste.php:13
Stack trace:
#0 C:\terminal\live\server\system\Navigator.php(25): Closure->{closure}()
#1 C:\terminal\live\server\applications\example\routes.php(3): system\Navigator->regex('{^POST/nome/(?<...', Object(Closure))
#2 C:\terminal\live\server\system\Navigator.php(14): system\Navigator->{closure}()
#3 C:\terminal\live\server\system\Ambue.php(14): system\Navigator->__construct()
#4 C:\terminal\live\server\main.php(33): require('C:\\terminal\\liv...')
#5 {main}
  thrown in C:\terminal\live\server\applications\example\teste.php on line 13
[25-Sep-2018 20:18:59 America/Sao_Paulo] PHP Fatal error:  Uncaught Exception: deu ruim in C:\terminal\live\server\applications\example\teste.php:13
Stack trace:
#0 C:\terminal\live\server\system\Navigator.php(25): Closure->{closure}()
#1 C:\terminal\live\server\applications\example\routes.php(3): system\Navigator->regex('{^POST/nome/(?<...', Object(Closure))
#2 C:\terminal\live\server\system\Navigator.php(14): system\Navigator->{closure}()
#3 C:\terminal\live\server\system\Ambue.php(14): system\Navigator->__construct()
#4 C:\terminal\live\server\main.php(33): require('C:\\terminal\\liv...')
#5 {main}
  thrown in C:\terminal\live\server\applications\example\teste.php on line 13
[25-Sep-2018 20:19:39 America/Sao_Paulo] PHP Warning:  Use of undefined constant asdasd - assumed 'asdasd' (this will throw an Error in a future version of PHP) in C:\terminal\live\server\system\Navigator.php on line 25
[25-Sep-2018 20:19:39 America/Sao_Paulo] PHP Fatal error:  Uncaught Exception: deu ruim in C:\terminal\live\server\applications\example\teste.php:13
Stack trace:
#0 C:\terminal\live\server\system\Navigator.php(30): Closure->{closure}()
#1 C:\terminal\live\server\applications\example\routes.php(3): system\Navigator->regex('{^POST/nome/(?<...', Object(Closure))
#2 C:\terminal\live\server\system\Navigator.php(14): system\Navigator->{closure}()
#3 C:\terminal\live\server\system\Ambue.php(14): system\Navigator->__construct()
#4 C:\terminal\live\server\main.php(33): require('C:\\terminal\\liv...')
#5 {main}
  thrown in C:\terminal\live\server\applications\example\teste.php on line 13
[25-Sep-2018 20:20:18 America/Sao_Paulo] PHP Fatal error:  Uncaught Exception: Class file not found! Class Name: system\Exception, File: C:\terminal\live\server\system\Exception.php in C:\terminal\live\server\system\php\autoload\default.php:18
Stack trace:
#0 [internal function]: {closure}('system\\Exceptio...')
#1 C:\terminal\live\server\system\Navigator.php(25): spl_autoload_call('system\\Exceptio...')
#2 C:\terminal\live\server\applications\example\routes.php(3): system\Navigator->regex('{^POST/nome/(?<...', Object(Closure))
#3 C:\terminal\live\server\system\Navigator.php(14): system\Navigator->{closure}()
#4 C:\terminal\live\server\system\Ambue.php(14): system\Navigator->__construct()
#5 C:\terminal\live\server\main.php(33): require('C:\\terminal\\liv...')
#6 {main}
  thrown in C:\terminal\live\server\system\php\autoload\default.php on line 18
[25-Sep-2018 20:20:29 America/Sao_Paulo] PHP Fatal error:  Uncaught Exception in C:\terminal\live\server\system\Navigator.php:25
Stack trace:
#0 C:\terminal\live\server\applications\example\routes.php(3): system\Navigator->regex('{^POST/nome/(?<...', Object(Closure))
#1 C:\terminal\live\server\system\Navigator.php(14): system\Navigator->{closure}()
#2 C:\terminal\live\server\system\Ambue.php(14): system\Navigator->__construct()
#3 C:\terminal\live\server\main.php(33): require('C:\\terminal\\liv...')
#4 {main}
  thrown in C:\terminal\live\server\system\Navigator.php on line 25
[25-Sep-2018 20:20:41 America/Sao_Paulo] PHP Fatal error:  Uncaught Exception in C:\terminal\live\server\system\Navigator.php:25
Stack trace:
#0 C:\terminal\live\server\applications\example\routes.php(3): system\Navigator->regex('{^POST/nome/(?<...', Object(Closure))
#1 C:\terminal\live\server\system\Navigator.php(14): system\Navigator->{closure}()
#2 C:\terminal\live\server\system\Ambue.php(14): system\Navigator->__construct()
#3 C:\terminal\live\server\main.php(33): require('C:\\terminal\\liv...')
#4 {main}
  thrown in C:\terminal\live\server\system\Navigator.php on line 25
[25-Sep-2018 20:21:28 America/Sao_Paulo] PHP Fatal error:  Uncaught Exception in C:\terminal\live\server\system\Navigator.php:21
Stack trace:
#0 C:\terminal\live\server\applications\example\routes.php(3): system\Navigator->regex('{^POST/nome/(?<...', Object(Closure))
#1 C:\terminal\live\server\system\Navigator.php(14): system\Navigator->{closure}()
#2 C:\terminal\live\server\system\Ambue.php(14): system\Navigator->__construct()
#3 C:\terminal\live\server\main.php(33): require('C:\\terminal\\liv...')
#4 {main}
  thrown in C:\terminal\live\server\system\Navigator.php on line 21
[25-Sep-2018 20:22:29 America/Sao_Paulo] PHP Fatal error:  Uncaught Exception in C:\terminal\live\server\system\Navigator.php:22
Stack trace:
#0 C:\terminal\live\server\applications\example\routes.php(3): system\Navigator->regex('{^POST/nome/(?<...', Object(Closure))
#1 C:\terminal\live\server\system\Navigator.php(14): system\Navigator->{closure}()
#2 C:\terminal\live\server\system\Ambue.php(14): system\Navigator->__construct()
#3 C:\terminal\live\server\main.php(33): require('C:\\terminal\\liv...')
#4 {main}
  thrown in C:\terminal\live\server\system\Navigator.php on line 22
[25-Sep-2018 20:23:16 America/Sao_Paulo] PHP Fatal error:  Uncaught Exception in C:\terminal\live\server\system\Navigator.php:22
Stack trace:
#0 C:\terminal\live\server\applications\example\routes.php(3): system\Navigator->regex('{^POST/nome/(?<...', Object(Closure))
#1 C:\terminal\live\server\system\Navigator.php(14): system\Navigator->{closure}()
#2 C:\terminal\live\server\system\Ambue.php(14): system\Navigator->__construct()
#3 C:\terminal\live\server\main.php(33): require('C:\\terminal\\liv...')
#4 {main}
  thrown in C:\terminal\live\server\system\Navigator.php on line 22
[25-Sep-2018 20:24:03 America/Sao_Paulo] PHP Fatal error:  Uncaught Exception in C:\terminal\live\server\system\Navigator.php:22
Stack trace:
#0 C:\terminal\live\server\applications\example\routes.php(3): system\Navigator->regex('{^POST/nome/(?<...', Object(Closure))
#1 C:\terminal\live\server\system\Navigator.php(14): system\Navigator->{closure}()
#2 C:\terminal\live\server\system\Ambue.php(14): system\Navigator->__construct()
#3 C:\terminal\live\server\main.php(33): require('C:\\terminal\\liv...')
#4 {main}
  thrown in C:\terminal\live\server\system\Navigator.php on line 22
[25-Sep-2018 20:24:26 America/Sao_Paulo] PHP Fatal error:  Uncaught Exception in C:\terminal\live\server\system\Navigator.php:21
Stack trace:
#0 C:\terminal\live\server\applications\example\routes.php(3): system\Navigator->regex('{^POST/nome/(?<...', Object(Closure))
#1 C:\terminal\live\server\system\Navigator.php(14): system\Navigator->{closure}()
#2 C:\terminal\live\server\system\Ambue.php(14): system\Navigator->__construct()
#3 C:\terminal\live\server\main.php(33): require('C:\\terminal\\liv...')
#4 {main}
  thrown in C:\terminal\live\server\system\Navigator.php on line 21
[25-Sep-2018 20:30:29 America/Sao_Paulo] PHP Fatal error:  Uncaught Error: Call to undefined method Exception::getStackTrace() in C:\terminal\live\server\system\Navigator.php:29
Stack trace:
#0 C:\terminal\live\server\applications\example\routes.php(3): system\Navigator->regex('{^POST/nome/(?<...', Object(Closure))
#1 C:\terminal\live\server\system\Navigator.php(14): system\Navigator->{closure}()
#2 C:\terminal\live\server\system\Ambue.php(14): system\Navigator->__construct()
#3 C:\terminal\live\server\main.php(33): require('C:\\terminal\\liv...')
#4 {main}
  thrown in C:\terminal\live\server\system\Navigator.php on line 29
[25-Sep-2018 20:44:28 America/Sao_Paulo] PHP Fatal error:  Uncaught Error: Class 'system\Navigator' not found in C:\terminal\live\server\system\Ambue.php:14
Stack trace:
#0 C:\terminal\live\server\main.php(33): require()
#1 {main}
  thrown in C:\terminal\live\server\system\Ambue.php on line 14
[25-Sep-2018 21:30:30 America/Sao_Paulo] PHP Warning:  implode(): Argument must be an array in C:\terminal\live\server\applications\example\helpers\Input\Exception.php on line 9
